#
# There is insufficient memory for the Java Runtime Environment to continue.
# Native memory allocation (malloc) failed to allocate 32744 bytes for ChunkPool::allocate
# Possible reasons:
#   The system is out of physical RAM or swap space
#   In 32 bit mode, the process size limit was hit
# Possible solutions:
#   Reduce memory load on the system
#   Increase physical memory or swap space
#   Check if swap backing store is full
#   Use 64 bit Java on a 64 bit OS
#   Decrease Java heap size (-Xmx/-Xms)
#   Decrease number of Java threads
#   Decrease Java thread stack sizes (-Xss)
#   Set larger code cache with -XX:ReservedCodeCacheSize=
# This output file may be truncated or incomplete.
#
#  Out of Memory Error (allocation.cpp:273), pid=41000, tid=0x000000000000a5d8
#
# JRE version: Java(TM) SE Runtime Environment (8.0_121-b13) (build 1.8.0_121-b13)
# Java VM: Java HotSpot(TM) 64-Bit Server VM (25.121-b13 mixed mode windows-amd64 compressed oops)
# Failed to write core dump. Minidumps are not enabled by default on client versions of Windows
#

---------------  T H R E A D  ---------------

Current thread (0x0000000017ae2800):  JavaThread "C1 CompilerThread2" daemon [_thread_in_native, id=42456, stack(0x0000000019330000,0x0000000019430000)]

Stack: [0x0000000019330000,0x0000000019430000]
[error occurred during error reporting (printing stack bounds), id 0xc0000005]

Native frames: (J=compiled Java code, j=interpreted, Vv=VM code, C=native code)


Current CompileTask:
C1:  19046 3064       1       org.eclipse.jdt.internal.compiler.parser.Parser::consumeRule (7138 bytes)


---------------  P R O C E S S  ---------------

Java Threads: ( => current thread )
  0x000000001bd79000 JavaThread "RMI TCP Connection(7)-127.0.0.1" daemon [_thread_in_native, id=38444, stack(0x000000001e740000,0x000000001e840000)]
  0x000000001bd7c000 JavaThread "RMI TCP Connection(6)-127.0.0.1" daemon [_thread_in_native, id=31640, stack(0x000000001e440000,0x000000001e540000)]
  0x000000001bd78000 JavaThread "RMI TCP Connection(5)-127.0.0.1" daemon [_thread_in_native, id=38376, stack(0x000000001e240000,0x000000001e340000)]
  0x000000001bd79800 JavaThread "RMI TCP Connection(4)-127.0.0.1" daemon [_thread_in_native, id=41056, stack(0x000000001e140000,0x000000001e240000)]
  0x000000001bd77800 JavaThread "RMI TCP Connection(3)-127.0.0.1" daemon [_thread_in_native, id=21404, stack(0x000000001e040000,0x000000001e140000)]
  0x000000001bd76000 JavaThread "DestroyJavaVM" [_thread_blocked, id=30332, stack(0x0000000002c80000,0x0000000002d80000)]
  0x000000001bd7b000 JavaThread "http-nio-6068-Acceptor-0" daemon [_thread_in_native, id=27636, stack(0x000000001de40000,0x000000001df40000)]
  0x000000001bd7a800 JavaThread "http-nio-6068-ClientPoller-1" daemon [_thread_in_native, id=18408, stack(0x000000001dd40000,0x000000001de40000)]
  0x000000001bd64000 JavaThread "http-nio-6068-ClientPoller-0" daemon [_thread_in_native, id=5508, stack(0x000000001dc40000,0x000000001dd40000)]
  0x000000001bd62800 JavaThread "http-nio-6068-exec-10" daemon [_thread_blocked, id=37768, stack(0x000000001db40000,0x000000001dc40000)]
  0x000000001bd67000 JavaThread "http-nio-6068-exec-9" daemon [_thread_blocked, id=33724, stack(0x000000001da40000,0x000000001db40000)]
  0x000000001bd62000 JavaThread "http-nio-6068-exec-8" daemon [_thread_blocked, id=38432, stack(0x000000001d940000,0x000000001da40000)]
  0x000000001bd63800 JavaThread "http-nio-6068-exec-7" daemon [_thread_blocked, id=23708, stack(0x000000001d840000,0x000000001d940000)]
  0x000000001bd66800 JavaThread "http-nio-6068-exec-6" daemon [_thread_blocked, id=31608, stack(0x000000001d740000,0x000000001d840000)]
  0x000000001bd65800 JavaThread "http-nio-6068-exec-5" daemon [_thread_blocked, id=41616, stack(0x000000001d640000,0x000000001d740000)]
  0x000000001bd65000 JavaThread "http-nio-6068-exec-4" daemon [_thread_blocked, id=15480, stack(0x000000001d540000,0x000000001d640000)]
  0x000000001bd61000 JavaThread "http-nio-6068-exec-3" daemon [_thread_blocked, id=43308, stack(0x000000001d440000,0x000000001d540000)]
  0x000000001bd60800 JavaThread "http-nio-6068-exec-2" daemon [_thread_blocked, id=41852, stack(0x000000001d340000,0x000000001d440000)]
  0x000000001bd38000 JavaThread "http-nio-6068-exec-1" daemon [_thread_in_vm, id=26420, stack(0x000000001d240000,0x000000001d340000)]
  0x000000001bd37800 JavaThread "NioBlockingSelector.BlockPoller-1" daemon [_thread_in_native, id=39136, stack(0x000000001d140000,0x000000001d240000)]
  0x000000001bc04800 JavaThread "container-0" [_thread_blocked, id=32080, stack(0x000000001ce40000,0x000000001cf40000)]
  0x000000001bc03000 JavaThread "Catalina-utility-1" [_thread_blocked, id=21984, stack(0x000000001cd40000,0x000000001ce40000)]
  0x0000000019b5b800 JavaThread "JMX server connection timeout 17" daemon [_thread_blocked, id=32924, stack(0x000000001ab70000,0x000000001ac70000)]
  0x0000000019b41000 JavaThread "RMI TCP Connection(2)-127.0.0.1" daemon [_thread_in_native, id=23968, stack(0x000000001aa70000,0x000000001ab70000)]
  0x0000000019b3e000 JavaThread "RMI Scheduler(0)" daemon [_thread_blocked, id=38704, stack(0x000000001a970000,0x000000001aa70000)]
  0x0000000019ad0000 JavaThread "RMI TCP Connection(1)-127.0.0.1" daemon [_thread_in_native, id=38476, stack(0x000000001a670000,0x000000001a770000)]
  0x00000000199e2000 JavaThread "RMI TCP Accept-0" daemon [_thread_in_native, id=43900, stack(0x000000001a330000,0x000000001a430000)]
  0x00000000199de800 JavaThread "RMI TCP Accept-61245" daemon [_thread_in_native, id=43420, stack(0x000000001a230000,0x000000001a330000)]
  0x00000000199c8800 JavaThread "RMI TCP Accept-0" daemon [_thread_in_native, id=16764, stack(0x000000001a130000,0x000000001a230000)]
  0x0000000019463000 JavaThread "Service Thread" daemon [_thread_blocked, id=23504, stack(0x0000000019830000,0x0000000019930000)]
=>0x0000000017ae2800 JavaThread "C1 CompilerThread2" daemon [_thread_in_native, id=42456, stack(0x0000000019330000,0x0000000019430000)]
  0x0000000017ad2800 JavaThread "C2 CompilerThread1" daemon [_thread_blocked, id=39336, stack(0x0000000019230000,0x0000000019330000)]
  0x0000000017ad0800 JavaThread "C2 CompilerThread0" daemon [_thread_blocked, id=36520, stack(0x0000000019130000,0x0000000019230000)]
  0x0000000017acf000 JavaThread "Attach Listener" daemon [_thread_blocked, id=32424, stack(0x0000000019030000,0x0000000019130000)]
  0x0000000017acd800 JavaThread "Signal Dispatcher" daemon [_thread_blocked, id=38480, stack(0x0000000018f30000,0x0000000019030000)]
  0x0000000017aba800 JavaThread "Finalizer" daemon [_thread_blocked, id=33168, stack(0x0000000018d30000,0x0000000018e30000)]
  0x0000000017a99000 JavaThread "Reference Handler" daemon [_thread_blocked, id=34220, stack(0x0000000018c30000,0x0000000018d30000)]

Other Threads:
  0x0000000017a97800 VMThread [stack: 0x0000000018b30000,0x0000000018c30000] [id=15892]
  0x00000000199e3000 WatcherThread [stack: 0x000000001a430000,0x000000001a530000] [id=33624]

VM state:not at safepoint (normal execution)

VM Mutex/Monitor currently owned by a thread: None

Heap:
 PSYoungGen      total 135168K, used 3651K [0x00000000d5580000, 0x00000000e4880000, 0x0000000100000000)
  eden space 120832K, 3% used [0x00000000d5580000,0x00000000d5910fd8,0x00000000dcb80000)
  from space 14336K, 0% used [0x00000000dcb80000,0x00000000dcb80000,0x00000000dd980000)
  to   space 15360K, 0% used [0x00000000e3980000,0x00000000e3980000,0x00000000e4880000)
 ParOldGen       total 47104K, used 19238K [0x0000000080000000, 0x0000000082e00000, 0x00000000d5580000)
  object space 47104K, 40% used [0x0000000080000000,0x00000000812c9a40,0x0000000082e00000)
 Metaspace       used 35086K, capacity 36710K, committed 36944K, reserved 1081344K
  class space    used 4588K, capacity 4893K, committed 4992K, reserved 1048576K

Card table byte_map: [0x0000000012240000,0x0000000012650000] byte_map_base: 0x0000000011e40000

Marking Bits: (ParMarkBitMap*) 0x000000007148b6d0
 Begin Bits: [0x0000000012d00000, 0x0000000014d00000)
 End Bits:   [0x0000000014d00000, 0x0000000016d00000)

Polling page: 0x0000000002b40000

CodeCache: size=245760Kb used=6314Kb max_used=6314Kb free=239445Kb
 bounds [0x0000000002e80000, 0x00000000034b0000, 0x0000000011e80000]
 total_blobs=3509 nmethods=3062 adapters=359
 compilation: enabled

Compilation events (10 events):
Event: 18.878 Thread 0x0000000017ae2800 nmethod 3059 0x00000000034a8490 code [0x00000000034a8620, 0x00000000034a8888]
Event: 18.882 Thread 0x0000000017ae2800 3060 %     1       org.eclipse.jdt.internal.compiler.parser.Parser::computeReverseTable @ 51 (92 bytes)
Event: 18.884 Thread 0x0000000017ae2800 nmethod 3060% 0x00000000034a8a50 code [0x00000000034a8bc0, 0x00000000034a8ed0]
Event: 19.015 Thread 0x0000000017ae2800 3061       1       org.eclipse.jdt.internal.compiler.parser.Parser::tAction (35 bytes)
Event: 19.015 Thread 0x0000000017ae2800 nmethod 3061 0x00000000034a9d10 code [0x00000000034a9e80, 0x00000000034aa010]
Event: 19.015 Thread 0x0000000017ae2800 3062       1       org.eclipse.jdt.internal.compiler.parser.Parser::actFromTokenOrSynthetic (9 bytes)
Event: 19.016 Thread 0x0000000017ae2800 nmethod 3062 0x00000000034aa190 code [0x00000000034aa300, 0x00000000034aa4b0]
Event: 19.016 Thread 0x0000000017ae2800 3063       1       org.eclipse.jdt.internal.compiler.parser.Parser::ntAction (8 bytes)
Event: 19.016 Thread 0x0000000017ae2800 nmethod 3063 0x00000000034aa690 code [0x00000000034aa7e0, 0x00000000034aa910]
Event: 19.016 Thread 0x0000000017ae2800 3064       1       org.eclipse.jdt.internal.compiler.parser.Parser::consumeRule (7138 bytes)

GC Heap History (10 events):
Event: 1.969 GC heap before
{Heap before GC invocations=5 (full 1):
 PSYoungGen      total 71680K, used 5104K [0x00000000d5580000, 0x00000000da080000, 0x0000000100000000)
  eden space 66560K, 0% used [0x00000000d5580000,0x00000000d5580000,0x00000000d9680000)
  from space 5120K, 99% used [0x00000000d9b80000,0x00000000da07c010,0x00000000da080000)
  to   space 5120K, 0% used [0x00000000d9680000,0x00000000d9680000,0x00000000d9b80000)
 ParOldGen       total 87552K, used 6239K [0x0000000080000000, 0x0000000085580000, 0x00000000d5580000)
  object space 87552K, 7% used [0x0000000080000000,0x0000000080617f88,0x0000000085580000)
 Metaspace       used 20923K, capacity 21528K, committed 21628K, reserved 1069056K
  class space    used 2860K, capacity 3061K, committed 3072K, reserved 1048576K
Event: 2.002 GC heap after
Heap after GC invocations=5 (full 1):
 PSYoungGen      total 71680K, used 0K [0x00000000d5580000, 0x00000000da080000, 0x0000000100000000)
  eden space 66560K, 0% used [0x00000000d5580000,0x00000000d5580000,0x00000000d9680000)
  from space 5120K, 0% used [0x00000000d9b80000,0x00000000d9b80000,0x00000000da080000)
  to   space 5120K, 0% used [0x00000000d9680000,0x00000000d9680000,0x00000000d9b80000)
 ParOldGen       total 47104K, used 5256K [0x0000000080000000, 0x0000000082e00000, 0x00000000d5580000)
  object space 47104K, 11% used [0x0000000080000000,0x0000000080522168,0x0000000082e00000)
 Metaspace       used 20922K, capacity 21522K, committed 21628K, reserved 1069056K
  class space    used 2859K, capacity 3060K, committed 3072K, reserved 1048576K
}
Event: 2.918 GC heap before
{Heap before GC invocations=6 (full 1):
 PSYoungGen      total 71680K, used 66560K [0x00000000d5580000, 0x00000000da080000, 0x0000000100000000)
  eden space 66560K, 100% used [0x00000000d5580000,0x00000000d9680000,0x00000000d9680000)
  from space 5120K, 0% used [0x00000000d9b80000,0x00000000d9b80000,0x00000000da080000)
  to   space 5120K, 0% used [0x00000000d9680000,0x00000000d9680000,0x00000000d9b80000)
 ParOldGen       total 47104K, used 5256K [0x0000000080000000, 0x0000000082e00000, 0x00000000d5580000)
  object space 47104K, 11% used [0x0000000080000000,0x0000000080522168,0x0000000082e00000)
 Metaspace       used 26708K, capacity 27956K, committed 28288K, reserved 1073152K
  class space    used 3667K, capacity 3927K, committed 3968K, reserved 1048576K
Event: 2.935 GC heap after
Heap after GC invocations=6 (full 1):
 PSYoungGen      total 71680K, used 5108K [0x00000000d5580000, 0x00000000de700000, 0x0000000100000000)
  eden space 66560K, 0% used [0x00000000d5580000,0x00000000d5580000,0x00000000d9680000)
  from space 5120K, 99% used [0x00000000d9680000,0x00000000d9b7d070,0x00000000d9b80000)
  to   space 12800K, 0% used [0x00000000dda80000,0x00000000dda80000,0x00000000de700000)
 ParOldGen       total 47104K, used 12389K [0x0000000080000000, 0x0000000082e00000, 0x00000000d5580000)
  object space 47104K, 26% used [0x0000000080000000,0x0000000080c194c8,0x0000000082e00000)
 Metaspace       used 26708K, capacity 27956K, committed 28288K, reserved 1073152K
  class space    used 3667K, capacity 3927K, committed 3968K, reserved 1048576K
}
Event: 18.547 GC heap before
{Heap before GC invocations=7 (full 1):
 PSYoungGen      total 71680K, used 71668K [0x00000000d5580000, 0x00000000de700000, 0x0000000100000000)
  eden space 66560K, 100% used [0x00000000d5580000,0x00000000d9680000,0x00000000d9680000)
  from space 5120K, 99% used [0x00000000d9680000,0x00000000d9b7d070,0x00000000d9b80000)
  to   space 12800K, 0% used [0x00000000dda80000,0x00000000dda80000,0x00000000de700000)
 ParOldGen       total 47104K, used 12389K [0x0000000080000000, 0x0000000082e00000, 0x00000000d5580000)
  object space 47104K, 26% used [0x0000000080000000,0x0000000080c194c8,0x0000000082e00000)
 Metaspace       used 31438K, capacity 33050K, committed 33408K, reserved 1077248K
  class space    used 4297K, capacity 4623K, committed 4736K, reserved 1048576K
Event: 18.567 GC heap after
Heap after GC invocations=7 (full 1):
 PSYoungGen      total 133632K, used 12148K [0x00000000d5580000, 0x00000000de780000, 0x0000000100000000)
  eden space 120832K, 0% used [0x00000000d5580000,0x00000000d5580000,0x00000000dcb80000)
  from space 12800K, 94% used [0x00000000dda80000,0x00000000de65d2b0,0x00000000de700000)
  to   space 14336K, 0% used [0x00000000dcb80000,0x00000000dcb80000,0x00000000dd980000)
 ParOldGen       total 47104K, used 12397K [0x0000000080000000, 0x0000000082e00000, 0x00000000d5580000)
  object space 47104K, 26% used [0x0000000080000000,0x0000000080c1b4c8,0x0000000082e00000)
 Metaspace       used 31438K, capacity 33050K, committed 33408K, reserved 1077248K
  class space    used 4297K, capacity 4623K, committed 4736K, reserved 1048576K
}
Event: 18.888 GC heap before
{Heap before GC invocations=8 (full 1):
 PSYoungGen      total 133632K, used 29901K [0x00000000d5580000, 0x00000000de780000, 0x0000000100000000)
  eden space 120832K, 14% used [0x00000000d5580000,0x00000000d66d61b0,0x00000000dcb80000)
  from space 12800K, 94% used [0x00000000dda80000,0x00000000de65d2b0,0x00000000de700000)
  to   space 14336K, 0% used [0x00000000dcb80000,0x00000000dcb80000,0x00000000dd980000)
 ParOldGen       total 47104K, used 12397K [0x0000000080000000, 0x0000000082e00000, 0x00000000d5580000)
  object space 47104K, 26% used [0x0000000080000000,0x0000000080c1b4c8,0x0000000082e00000)
 Metaspace       used 34382K, capacity 35942K, committed 36048K, reserved 1081344K
  class space    used 4532K, capacity 4829K, committed 4864K, reserved 1048576K
Event: 18.907 GC heap after
Heap after GC invocations=8 (full 1):
 PSYoungGen      total 135168K, used 11865K [0x00000000d5580000, 0x00000000e4880000, 0x0000000100000000)
  eden space 120832K, 0% used [0x00000000d5580000,0x00000000d5580000,0x00000000dcb80000)
  from space 14336K, 82% used [0x00000000dcb80000,0x00000000dd716488,0x00000000dd980000)
  to   space 15360K, 0% used [0x00000000e3980000,0x00000000e3980000,0x00000000e4880000)
 ParOldGen       total 47104K, used 12405K [0x0000000080000000, 0x0000000082e00000, 0x00000000d5580000)
  object space 47104K, 26% used [0x0000000080000000,0x0000000080c1d4c8,0x0000000082e00000)
 Metaspace       used 34382K, capacity 35942K, committed 36048K, reserved 1081344K
  class space    used 4532K, capacity 4829K, committed 4864K, reserved 1048576K
}
Event: 18.907 GC heap before
{Heap before GC invocations=9 (full 2):
 PSYoungGen      total 135168K, used 11865K [0x00000000d5580000, 0x00000000e4880000, 0x0000000100000000)
  eden space 120832K, 0% used [0x00000000d5580000,0x00000000d5580000,0x00000000dcb80000)
  from space 14336K, 82% used [0x00000000dcb80000,0x00000000dd716488,0x00000000dd980000)
  to   space 15360K, 0% used [0x00000000e3980000,0x00000000e3980000,0x00000000e4880000)
 ParOldGen       total 47104K, used 12405K [0x0000000080000000, 0x0000000082e00000, 0x00000000d5580000)
  object space 47104K, 26% used [0x0000000080000000,0x0000000080c1d4c8,0x0000000082e00000)
 Metaspace       used 34382K, capacity 35942K, committed 36048K, reserved 1081344K
  class space    used 4532K, capacity 4829K, committed 4864K, reserved 1048576K
Event: 18.982 GC heap after
Heap after GC invocations=9 (full 2):
 PSYoungGen      total 135168K, used 0K [0x00000000d5580000, 0x00000000e4880000, 0x0000000100000000)
  eden space 120832K, 0% used [0x00000000d5580000,0x00000000d5580000,0x00000000dcb80000)
  from space 14336K, 0% used [0x00000000dcb80000,0x00000000dcb80000,0x00000000dd980000)
  to   space 15360K, 0% used [0x00000000e3980000,0x00000000e3980000,0x00000000e4880000)
 ParOldGen       total 47104K, used 19238K [0x0000000080000000, 0x0000000082e00000, 0x00000000d5580000)
  object space 47104K, 40% used [0x0000000080000000,0x00000000812c9a40,0x0000000082e00000)
 Metaspace       used 34382K, capacity 35942K, committed 36048K, reserved 1081344K
  class space    used 4532K, capacity 4829K, committed 4864K, reserved 1048576K
}

Deoptimization events (0 events):
No events

Internal exceptions (10 events):
Event: 3.609 Thread 0x0000000002d84000 Exception <a 'java/lang/ArrayIndexOutOfBoundsException'> (0x00000000d802b8f8) thrown at [C:\re\workspace\8-2-build-windows-amd64-cygwin\jdk8u121\8372\hotspot\src\share\vm\runtime\sharedRuntime.cpp, line 605]
Event: 3.639 Thread 0x0000000002d84000 Exception <a 'java/lang/ArrayIndexOutOfBoundsException'> (0x00000000d813f528) thrown at [C:\re\workspace\8-2-build-windows-amd64-cygwin\jdk8u121\8372\hotspot\src\share\vm\runtime\sharedRuntime.cpp, line 605]
Event: 3.697 Thread 0x0000000019b41000 Exception <a 'java/lang/reflect/InvocationTargetException'> (0x00000000d63ba400) thrown at [C:\re\workspace\8-2-build-windows-amd64-cygwin\jdk8u121\8372\hotspot\src\share\vm\runtime\reflection.cpp, line 1092]
Event: 3.717 Thread 0x0000000002d84000 Exception <a 'java/lang/ArrayIndexOutOfBoundsException'> (0x00000000d85e9d80) thrown at [C:\re\workspace\8-2-build-windows-amd64-cygwin\jdk8u121\8372\hotspot\src\share\vm\runtime\sharedRuntime.cpp, line 605]
Event: 3.742 Thread 0x0000000002d84000 Exception <a 'java/lang/ArrayIndexOutOfBoundsException'> (0x00000000d87b2bf0) thrown at [C:\re\workspace\8-2-build-windows-amd64-cygwin\jdk8u121\8372\hotspot\src\share\vm\runtime\sharedRuntime.cpp, line 605]
Event: 3.779 Thread 0x0000000002d84000 Exception <a 'java/lang/ArrayIndexOutOfBoundsException'> (0x00000000d89b92e0) thrown at [C:\re\workspace\8-2-build-windows-amd64-cygwin\jdk8u121\8372\hotspot\src\share\vm\runtime\sharedRuntime.cpp, line 605]
Event: 3.779 Thread 0x0000000002d84000 Exception <a 'java/lang/ArrayIndexOutOfBoundsException'> (0x00000000d89ba2a0) thrown at [C:\re\workspace\8-2-build-windows-amd64-cygwin\jdk8u121\8372\hotspot\src\share\vm\runtime\sharedRuntime.cpp, line 605]
Event: 3.779 Thread 0x0000000002d84000 Exception <a 'java/lang/ArrayIndexOutOfBoundsException'> (0x00000000d89bc308) thrown at [C:\re\workspace\8-2-build-windows-amd64-cygwin\jdk8u121\8372\hotspot\src\share\vm\runtime\sharedRuntime.cpp, line 605]
Event: 18.621 Thread 0x000000001bd38000 Exception <a 'java/lang/NoSuchMethodError': java.lang.Object.lambda$thenComparing$36697e65$1(Ljava/util/Comparator;Ljava/lang/Object;Ljava/lang/Object;)I> (0x00000000d57d6230) thrown at [C:\re\workspace\8-2-build-windows-amd64-cygwin\jdk8u121\8372\hotspot
Event: 19.021 Thread 0x000000001bd38000 Exception <a 'java/lang/ArrayIndexOutOfBoundsException': 5827> (0x00000000d582ce18) thrown at [C:\re\workspace\8-2-build-windows-amd64-cygwin\jdk8u121\8372\hotspot\src\share\vm\interpreter\interpreterRuntime.cpp, line 366]

Events (10 events):
Event: 19.023 loading class org/eclipse/jdt/internal/compiler/ast/Clinit
Event: 19.023 loading class org/eclipse/jdt/internal/compiler/ast/Clinit done
Event: 19.023 loading class org/eclipse/jdt/internal/compiler/lookup/CompilationUnitScope
Event: 19.023 loading class org/eclipse/jdt/internal/compiler/lookup/CompilationUnitScope done
Event: 19.025 loading class org/eclipse/jdt/internal/compiler/lookup/Scope
Event: 19.025 loading class org/eclipse/jdt/internal/compiler/lookup/Scope done
Event: 19.031 loading class org/eclipse/jdt/internal/compiler/lookup/Scope$1
Event: 19.031 loading class org/eclipse/jdt/internal/compiler/lookup/Scope$1 done
Event: 19.031 loading class org/eclipse/jdt/internal/compiler/lookup/Scope$Substitutor
Event: 19.031 loading class org/eclipse/jdt/internal/compiler/lookup/Scope$Substitutor done


Dynamic libraries:
0x00007ff6a0760000 - 0x00007ff6a0797000 	C:\Program Files\Java\jre1.8.0_121\bin\javaw.exe
0x00007fff8a5e0000 - 0x00007fff8a7c1000 	C:\WINDOWS\SYSTEM32\ntdll.dll
0x00007fff89630000 - 0x00007fff896e2000 	C:\WINDOWS\System32\KERNEL32.DLL
0x00007fff87470000 - 0x00007fff876e3000 	C:\WINDOWS\System32\KERNELBASE.dll
0x00007fff89fd0000 - 0x00007fff8a071000 	C:\WINDOWS\System32\ADVAPI32.dll
0x00007fff8a120000 - 0x00007fff8a1be000 	C:\WINDOWS\System32\msvcrt.dll
0x00007fff896f0000 - 0x00007fff8974b000 	C:\WINDOWS\System32\sechost.dll
0x00007fff8a2d0000 - 0x00007fff8a3f4000 	C:\WINDOWS\System32\RPCRT4.dll
0x00007fff89bb0000 - 0x00007fff89d40000 	C:\WINDOWS\System32\USER32.dll
0x00007fff87770000 - 0x00007fff87790000 	C:\WINDOWS\System32\win32u.dll
0x00007fff89410000 - 0x00007fff89438000 	C:\WINDOWS\System32\GDI32.dll
0x00007fff86bc0000 - 0x00007fff86d52000 	C:\WINDOWS\System32\gdi32full.dll
0x00007fff87980000 - 0x00007fff87a1f000 	C:\WINDOWS\System32\msvcp_win.dll
0x00007fff86a60000 - 0x00007fff86b5a000 	C:\WINDOWS\System32\ucrtbase.dll
0x00007fff84b30000 - 0x00007fff84d99000 	C:\WINDOWS\WinSxS\amd64_microsoft.windows.common-controls_6595b64144ccf1df_6.0.17134.228_none_fb4599993062b194\COMCTL32.dll
0x00007fff89820000 - 0x00007fff89b43000 	C:\WINDOWS\System32\combase.dll
0x00007fff876f0000 - 0x00007fff8776a000 	C:\WINDOWS\System32\bcryptPrimitives.dll
0x00007fff8a220000 - 0x00007fff8a24d000 	C:\WINDOWS\System32\IMM32.DLL
0x00007fff86790000 - 0x00007fff867ed000 	C:\Program Files\Citrix\System32\MfApHook64.dll
0x00007fff860e0000 - 0x00007fff8610b000 	C:\Program Files\Citrix\ICAService\CtxDodHook64.dll
0x00007fff866b0000 - 0x00007fff866e2000 	C:\Program Files\Citrix\ICAService\picaFullScreenHookX64.dll
0x00007fff86090000 - 0x00007fff860de000 	C:\Program Files\Citrix\ICAService\ShellHook64.dll
0x00007fff87fd0000 - 0x00007fff89410000 	C:\WINDOWS\System32\SHELL32.dll
0x00007fff87a20000 - 0x00007fff87a69000 	C:\WINDOWS\System32\cfgmgr32.dll
0x00007fff87ad0000 - 0x00007fff87b79000 	C:\WINDOWS\System32\shcore.dll
0x00007fff86d60000 - 0x00007fff8746d000 	C:\WINDOWS\System32\windows.storage.dll
0x00007fff89b50000 - 0x00007fff89ba1000 	C:\WINDOWS\System32\shlwapi.dll
0x00007fff86990000 - 0x00007fff869a1000 	C:\WINDOWS\System32\kernel.appcore.dll
0x00007fff86970000 - 0x00007fff8698f000 	C:\WINDOWS\System32\profapi.dll
0x00007fff86910000 - 0x00007fff8695c000 	C:\WINDOWS\System32\powrprof.dll
0x00007fff86960000 - 0x00007fff8696a000 	C:\WINDOWS\System32\FLTLIB.DLL
0x00007fff85ef0000 - 0x00007fff8606c000 	C:\Program Files\Citrix\ICAService\SCardHook64.dll
0x00007fff85d90000 - 0x00007fff85dba000 	C:\Program Files\Citrix\ICAService\cxinjime64.dll
0x00007fff85ba0000 - 0x00007fff85be8000 	C:\Program Files\Citrix\ICAService\PicaWtsHook64.dll
0x0000000070920000 - 0x00000000709f2000 	C:\Program Files\Java\jre1.8.0_121\bin\msvcr100.dll
0x0000000070c70000 - 0x000000007150b000 	C:\Program Files\Java\jre1.8.0_121\bin\server\jvm.dll
0x00007fff895a0000 - 0x00007fff895a8000 	C:\WINDOWS\System32\PSAPI.DLL
0x00007fff86190000 - 0x00007fff8619a000 	C:\WINDOWS\SYSTEM32\VERSION.dll
0x00007fff80d10000 - 0x00007fff80d33000 	C:\WINDOWS\SYSTEM32\WINMM.dll
0x00007fff74590000 - 0x00007fff74599000 	C:\WINDOWS\SYSTEM32\WSOCK32.dll
0x0000000002aa0000 - 0x0000000002b0c000 	C:\WINDOWS\System32\ws2_32.DLL
0x00007fff80ce0000 - 0x00007fff80d0a000 	C:\WINDOWS\SYSTEM32\WINMMBASE.dll
0x00000000720e0000 - 0x00000000720ef000 	C:\Program Files\Java\jre1.8.0_121\bin\verify.dll
0x0000000071d50000 - 0x0000000071d79000 	C:\Program Files\Java\jre1.8.0_121\bin\java.dll
0x0000000071d30000 - 0x0000000071d46000 	C:\Program Files\Java\jre1.8.0_121\bin\zip.dll
0x0000000071a90000 - 0x0000000071a9d000 	C:\Program Files\Java\jre1.8.0_121\bin\management.dll
0x0000000071b30000 - 0x0000000071b4a000 	C:\Program Files\Java\jre1.8.0_121\bin\net.dll
0x00007fff855d0000 - 0x00007fff85636000 	C:\WINDOWS\system32\mswsock.dll
0x0000000071b10000 - 0x0000000071b21000 	C:\Program Files\Java\jre1.8.0_121\bin\nio.dll
0x00007fff7d320000 - 0x00007fff7d336000 	C:\WINDOWS\system32\napinsp.dll
0x00007fff7d300000 - 0x00007fff7d31a000 	C:\WINDOWS\system32\pnrpnsp.dll
0x00007fff82180000 - 0x00007fff82199000 	C:\WINDOWS\system32\NLAapi.dll
0x00007fff853a0000 - 0x00007fff8545e000 	C:\WINDOWS\SYSTEM32\DNSAPI.dll
0x00007fff8a5a0000 - 0x00007fff8a5a8000 	C:\WINDOWS\System32\NSI.dll
0x00007fff85360000 - 0x00007fff85398000 	C:\WINDOWS\SYSTEM32\IPHLPAPI.DLL
0x00007fff7d340000 - 0x00007fff7d34e000 	C:\WINDOWS\System32\winrnr.dll
0x00007fff7d820000 - 0x00007fff7d82a000 	C:\Windows\System32\rasadhlp.dll
0x00007fff80450000 - 0x00007fff804c2000 	C:\WINDOWS\System32\fwpuclnt.dll
0x00007fff86130000 - 0x00007fff86155000 	C:\WINDOWS\SYSTEM32\bcrypt.dll
0x00007fff85780000 - 0x00007fff85797000 	C:\WINDOWS\SYSTEM32\CRYPTSP.dll
0x00007fff851c0000 - 0x00007fff851f3000 	C:\WINDOWS\system32\rsaenh.dll
0x00007fff867f0000 - 0x00007fff86818000 	C:\WINDOWS\SYSTEM32\USERENV.dll
0x00007fff857a0000 - 0x00007fff857ab000 	C:\WINDOWS\SYSTEM32\CRYPTBASE.dll
0x00007fff7f620000 - 0x00007fff7f636000 	C:\WINDOWS\SYSTEM32\dhcpcsvc6.DLL
0x00007fff7f600000 - 0x00007fff7f61a000 	C:\WINDOWS\SYSTEM32\dhcpcsvc.DLL

VM Arguments:
jvm_args: -Dcom.sun.management.jmxremote -Dcom.sun.management.jmxremote.port=61245 -Dcom.sun.management.jmxremote.authenticate=false -Dcom.sun.management.jmxremote.ssl=false -Djava.rmi.server.hostname=localhost -Dspring.liveBeansView.mbeanDomain -Dspring.application.admin.enabled=true -Xverify:none -XX:TieredStopAtLevel=1 -Dfile.encoding=UTF-8 
java_command: com.moneymoney.web.WebsiteApplication --spring.output.ansi.enabled=always
java_class_path (initial): C:\spring-boot\website\target\classes;C:\Users\bbhanupr\.m2\repository\org\springframework\boot\spring-boot-starter-web\2.1.2.RELEASE\spring-boot-starter-web-2.1.2.RELEASE.jar;C:\Users\bbhanupr\.m2\repository\org\springframework\boot\spring-boot-starter\2.1.2.RELEASE\spring-boot-starter-2.1.2.RELEASE.jar;C:\Users\bbhanupr\.m2\repository\org\springframework\boot\spring-boot\2.1.2.RELEASE\spring-boot-2.1.2.RELEASE.jar;C:\Users\bbhanupr\.m2\repository\org\springframework\boot\spring-boot-autoconfigure\2.1.2.RELEASE\spring-boot-autoconfigure-2.1.2.RELEASE.jar;C:\Users\bbhanupr\.m2\repository\org\springframework\boot\spring-boot-starter-logging\2.1.2.RELEASE\spring-boot-starter-logging-2.1.2.RELEASE.jar;C:\Users\bbhanupr\.m2\repository\ch\qos\logback\logback-classic\1.2.3\logback-classic-1.2.3.jar;C:\Users\bbhanupr\.m2\repository\ch\qos\logback\logback-core\1.2.3\logback-core-1.2.3.jar;C:\Users\bbhanupr\.m2\repository\org\apache\logging\log4j\log4j-to-slf4j\2.11.1\log4j-to-slf4j-2.11.1.jar;C:\Users\bbhanupr\.m2\repository\org\apache\logging\log4j\log4j-api\2.11.1\log4j-api-2.11.1.jar;C:\Users\bbhanupr\.m2\repository\org\slf4j\jul-to-slf4j\1.7.25\jul-to-slf4j-1.7.25.jar;C:\Users\bbhanupr\.m2\repository\javax\annotation\javax.annotation-api\1.3.2\javax.annotation-api-1.3.2.jar;C:\Users\bbhanupr\.m2\repository\org\yaml\snakeyaml\1.23\snakeyaml-1.23.jar;C:\Users\bbhanupr\.m2\repository\org\springframework\boot\spring-boot-starter-json\2.1.2.RELEASE\spring-boot-starter-json-2.1.2.RELEASE.jar;C:\Users\bbhanupr\.m2\repository\com\fasterxml\jackson\core\jackson-databind\2.9.8\jackson-databind-2.9.8.jar;C:\Users\bbhanupr\.m2\repository\com\fasterxml\jackson\core\jackson-annotations\2.9.0\jackson-annotations-2.9.0.jar;C:\Users\bbhanupr\.m2\repository\com\fasterxml\jackson\core\jackson-core\2.9.8\jackson-core-2.9.8.jar;C:\Users\bbhanupr\.m2\repository\com\fasterxml\jackson\datatype\jackson-datatype-jdk8\2.9.8\jackson-datatype-jdk8-2.9.8.jar;C:\Users\bbh
Launcher Type: SUN_STANDARD

Environment Variables:
PATH=C:/Program Files/Java/jre1.8.0_121/bin/server;C:/Program Files/Java/jre1.8.0_121/bin;C:/Program Files/Java/jre1.8.0_121/lib/amd64;C:\Python34\;C:\Python34\Scripts;C:\oraclexe\app\oracle\product\11.2.0\server\bin;C:\ProgramData\Oracle\Java\javapath;C:\WINDOWS\system32;C:\WINDOWS;C:\WINDOWS\System32\Wbem;C:\WINDOWS\System32\WindowsPowerShell\v1.0\;C:\Program Files\TortoiseSVN\bin;C:\Program Files\nodejs\;C:\Program Files\Git\cmd;C:\Program Files (x86)\Microsoft SQL Server\110\Tools\Binn\ManagementStudio\;C:\Program Files (x86)\Microsoft SQL Server\110\Tools\Binn\;C:\Program Files (x86)\Microsoft SQL Server\110\DTS\Binn\;C:\Program Files\Citrix\System32\;C:\Program Files\Citrix\ICAService\;C:\WINDOWS\System32\OpenSSH\;C:\Users\bbhanupr\AppData\Local\Microsoft\WindowsApps;;C:\SOFTWARES\sts-bundle\sts-3.9.7.RELEASE;
USERNAME=bbhanupr
OS=Windows_NT
PROCESSOR_IDENTIFIER=Intel64 Family 15 Model 6 Stepping 1, GenuineIntel



---------------  S Y S T E M  ---------------

OS: Windows 10.0 , 64 bit Build 17134 (10.0.17134.1)

CPU:total 4 (2 cores per cpu, 1 threads per core) family 15 model 6 stepping 1, cmov, cx8, fxsr, mmx, sse, sse2, sse3, ssse3, sse4.1, sse4.2, popcnt, avx, avx2, aes, clmul, erms, rtm, 3dnowpref, lzcnt, tsc, bmi1, bmi2, adx

Memory: 4k page, physical 8388056k(1549828k free), swap 18697820k(4116k free)

vm_info: Java HotSpot(TM) 64-Bit Server VM (25.121-b13) for windows-amd64 JRE (1.8.0_121-b13), built on Dec 12 2016 18:21:36 by "java_re" with MS VC++ 10.0 (VS2010)

time: Mon Jan 21 11:53:32 2019
elapsed time: 19 seconds (0d 0h 0m 19s)

